============================= test session starts =============================
platform win32 -- Python 3.13.14, pytest-9.1.1, pluggy-1.6.0 -- C:\Users\Rathod milan\AppData\Local\Microsoft\WindowsApps\PythonSoftwareFoundation.Python.3.13_qbz5n2kfra8p0\python.exe
cachedir: .pytest_cache
hypothesis profile 'default'
rootdir: C:\Users\Rathod milan\.gemini\antigravity-ide\scratch\NightmareNet
configfile: pyproject.toml
plugins: anyio-4.14.2, Faker-33.1.0, hypothesis-6.161.5, asyncio-1.4.0, cov-7.1.0, django-4.12.0, split-0.11.0, xdist-3.8.0
asyncio: mode=Mode.STRICT, debug=False, asyncio_default_fixture_loop_scope=None, asyncio_default_test_loop_scope=function
collecting ... collected 1033 items / 11 deselected / 1022 selected

tests/test_adaption.py::TestAdaptionOptimizerUnavailable::test_optimize_returns_none_without_sdk PASSED [  0%]
tests/test_adaption.py::TestAdaptionOptimizerUnavailable::test_estimate_returns_none_without_key PASSED [  0%]
tests/test_adaption.py::TestAdaptionOptimizerWithMockClient::test_optimize_dataset_success PASSED [  0%]
tests/test_adaption.py::TestAdaptionOptimizerWithMockClient::test_estimate_cost PASSED [  0%]
tests/test_adaption_full.py::TestValidateColumnMapping::test_rejects_empty_mapping PASSED [  0%]
tests/test_adaption_full.py::TestValidateColumnMapping::test_accepts_simple_mapping PASSED [  0%]
tests/test_adaption_full.py::TestValidateColumnMapping::test_accepts_context_as_list PASSED [  0%]
tests/test_adaption_full.py::TestValidateColumnMapping::test_rejects_context_list_with_empty_string PASSED [  0%]
tests/test_adaption_full.py::TestValidateColumnMapping::test_validates_against_dataset_columns PASSED [  0%]
tests/test_adaption_full.py::TestValidateColumnMapping::test_context_list_validated_against_columns PASSED [  0%]
tests/test_adaption_full.py::TestValidateBrandControls::test_none_is_valid PASSED [  1%]
tests/test_adaption_full.py::TestValidateBrandControls::test_empty_dict_is_valid PASSED [  1%]
tests/test_adaption_full.py::TestValidateBrandControls::test_valid_length PASSED [  1%]
tests/test_adaption_full.py::TestValidateBrandControls::test_invalid_length PASSED [  1%]
tests/test_adaption_full.py::TestValidateBrandControls::test_safety_categories_must_be_list PASSED [  1%]
tests/test_adaption_full.py::TestValidateBrandControls::test_valid_safety_categories PASSED [  1%]
tests/test_adaption_full.py::TestValidateBrandControls::test_blueprint_must_be_string PASSED [  1%]
tests/test_adaption_full.py::TestValidateBrandControls::test_valid_blueprint PASSED [  1%]
tests/test_adaption_full.py::TestIdempotencyKey::test_generates_unique_keys PASSED [  1%]
tests/test_adaption_full.py::TestAdaptionOptimizerUnavailable::test_optimize_returns_none_without_sdk PASSED [  1%]
tests/test_adaption_full.py::TestAdaptionOptimizerUnavailable::test_estimate_returns_none_without_key PASSED [  2%]
tests/test_adaption_full.py::TestAdaptionOptimizerUnavailable::test_hf_import_returns_none_without_sdk PASSED [  2%]
tests/test_adaption_full.py::TestAdaptionOptimizerUnavailable::test_kaggle_import_returns_none_without_sdk PASSED [  2%]
tests/test_adaption_full.py::TestAdaptionOptimizerWithMockClient::test_optimize_passes_brand_controls PASSED [  2%]
tests/test_adaption_full.py::TestAdaptionOptimizerWithMockClient::test_optimize_passes_recipe_specification PASSED [  2%]
tests/test_adaption_full.py::TestAdaptionOptimizerWithMockClient::test_optimize_adds_idempotency_key PASSED [  2%]
tests/test_adaption_full.py::TestAdaptionOptimizerWithMockClient::test_estimate_cost_with_brand_controls PASSED [  2%]
tests/test_adaption_full.py::TestAdaptionOptimizerWithMockClient::test_huggingface_import PASSED [  2%]
tests/test_adaption_full.py::TestAdaptionOptimizerWithMockClient::test_kaggle_import PASSED [  2%]
tests/test_adaption_full.py::TestPipelinePhaseAwareOptimize::test_estimate_gating_skips_when_over_budget PASSED [  2%]
tests/test_adaption_full.py::TestPipelinePhaseAwareOptimize::test_phase_controls_call_optimizer_per_phase PASSED [  3%]
tests/test_adaption_full.py::TestPipelinePhaseAwareOptimize::test_disabled_adaption_is_noop PASSED [  3%]
tests/test_api.py::TestHealthEndpoint::test_health_returns_ok PASSED     [  3%]
tests/test_api.py::TestHealthEndpoint::test_health_includes_version PASSED [  3%]
tests/test_api.py::TestDreamEndpoint::test_dream_basic PASSED            [  3%]
tests/test_api.py::TestDreamEndpoint::test_dream_with_seed PASSED        [  3%]
tests/test_api.py::TestDreamEndpoint::test_dream_zero_strength PASSED    [  3%]
tests/test_api.py::TestDreamEndpoint::test_dream_empty_text_rejected PASSED [  3%]
tests/test_api.py::TestDreamEndpoint::test_dream_invalid_strength_rejected PASSED [  3%]
tests/test_api.py::TestDreamEndpoint::test_dream_negative_strength_rejected PASSED [  3%]
tests/test_api.py::TestNightmareEndpoint::test_nightmare_basic PASSED    [  4%]
tests/test_api.py::TestNightmareEndpoint::test_nightmare_high_strength PASSED [  4%]
tests/test_api.py::TestNightmareEndpoint::test_nightmare_with_config PASSED [  4%]
tests/test_api.py::TestRobustnessEndpoint::test_robustness_basic PASSED  [  4%]
tests/test_api.py::TestRobustnessEndpoint::test_robustness_custom_strengths PASSED [  4%]
tests/test_api.py::TestRobustnessEndpoint::test_robustness_similarity_decreases_with_strength PASSED [  4%]
tests/test_api.py::TestRobustnessEndpoint::test_robustness_empty_text_rejected PASSED [  4%]
tests/test_api.py::TestOpenAPIDocs::test_docs_endpoint PASSED            [  4%]
tests/test_api.py::TestOpenAPIDocs::test_openapi_json PASSED             [  4%]
tests/test_api.py::TestAuthentication::test_health_bypasses_auth PASSED  [  4%]
tests/test_api.py::TestAuthentication::test_no_key_dev_mode_allows_requests PASSED [  4%]
tests/test_api.py::TestAuthentication::test_valid_key_allows_request PASSED [  5%]
tests/test_api.py::TestAuthentication::test_invalid_key_returns_401 PASSED [  5%]
tests/test_api.py::TestAuthentication::test_missing_key_returns_401 PASSED [  5%]
tests/test_api.py::TestRateLimiting::test_rate_limit_returns_429 PASSED  [  5%]
tests/test_api.py::TestTrainingConfigEndpoint::test_config_defaults PASSED [  5%]
tests/test_api.py::TestTrainingConfigEndpoint::test_config_phase_count PASSED [  5%]
tests/test_api.py::TestTrainingConfigEndpoint::test_config_includes_all_phase_types PASSED [  5%]
tests/test_api.py::TestTrainingConfigEndpoint::test_config_nightmare_lr_multiplier PASSED [  5%]
tests/test_api.py::TestTrainingConfigEndpoint::test_config_recommends_learned_adversarial PASSED [  5%]
tests/test_api.py::TestTrainingConfigEndpoint::test_config_recommends_against_high_dream_strength PASSED [  5%]
tests/test_api.py::TestTrainingConfigEndpoint::test_config_recommends_more_cycles PASSED [  6%]
tests/test_api.py::TestTrainingConfigEndpoint::test_config_zero_nightmare_epochs_warns PASSED [  6%]
tests/test_api.py::TestTrainingConfigEndpoint::test_config_invalid_model_type PASSED [  6%]
tests/test_api.py::TestTrainingConfigEndpoint::test_config_learned_adversarial_in_description PASSED [  6%]
tests/test_api.py::TestTrainingConfigEndpoint::test_config_skips_zero_epoch_phases PASSED [  6%]
tests/test_api.py::TestTrainingConfigEndpoint::test_config_validation_rejects_bad_values PASSED [  6%]
tests/test_api.py::TestCompareEndpoint::test_compare_basic PASSED        [  6%]
tests/test_api.py::TestCompareEndpoint::test_compare_with_custom_strengths PASSED [  6%]
tests/test_api.py::TestCompareEndpoint::test_compare_baseline_less_distorted PASSED [  6%]
tests/test_api.py::TestCompareEndpoint::test_compare_deterministic_with_seed PASSED [  6%]
tests/test_api.py::TestHealthTestsPassing::test_health_includes_tests_passing PASSED [  7%]
tests/test_api.py::TestHealthTestsPassing::test_health_tests_passing_is_int_or_null PASSED [  7%]
tests/test_api.py::TestUploadEndpoint::test_upload_txt_file PASSED       [  7%]
tests/test_api.py::TestUploadEndpoint::test_upload_csv_file PASSED       [  7%]
tests/test_api.py::TestUploadEndpoint::test_upload_json_file PASSED      [  7%]
tests/test_api.py::TestUploadEndpoint::test_upload_rejects_unsupported_type PASSED [  7%]
tests/test_api.py::TestUploadEndpoint::test_upload_rejects_too_large PASSED [  7%]
tests/test_api.py::TestUploadEndpoint::test_upload_rejects_invalid_utf8 PASSED [  7%]
tests/test_api.py::TestUploadEndpoint::test_upload_preview_truncation PASSED [  7%]
tests/test_api.py::TestUploadEndpoint::test_upload_word_count_multiline PASSED [  7%]
tests/test_api.py::TestUploadEndpoint::test_compare_empty_text_rejected PASSED [  8%]
tests/test_api.py::TestUploadEndpoint::test_compare_invalid_strength_rejected PASSED [  8%]
tests/test_api.py::TestUploadEndpoint::test_compare_response_structure PASSED [  8%]
tests/test_api.py::TestUploadEndpoint::test_compare_analysis_contains_metrics PASSED [  8%]
tests/test_api.py::TestLearnedAdversarialIntegration::test_nightmare_high_strength_uses_adversarial_config PASSED [  8%]
tests/test_api.py::TestLearnedAdversarialIntegration::test_nightmare_low_strength_no_learned_adversarial PASSED [  8%]
tests/test_api.py::TestLearnedAdversarialIntegration::test_nightmare_custom_config_preserved PASSED [  8%]
tests/test_api.py::TestOpenAPINewEndpoints::test_openapi_includes_train_config PASSED [  8%]
tests/test_api.py::TestOpenAPINewEndpoints::test_openapi_includes_compare PASSED [  8%]
tests/test_api.py::TestOpenAPINewEndpoints::test_openapi_includes_demo PASSED [  8%]
tests/test_api.py::TestOpenAPINewEndpoints::test_openapi_includes_pipeline_runs PASSED [  9%]
tests/test_api.py::TestPipelineRunsEndpoint::test_list_runs_default_pagination PASSED [  9%]
tests/test_api.py::TestPipelineRunsEndpoint::test_list_runs_custom_offset PASSED [  9%]
tests/test_api.py::TestPipelineRunsEndpoint::test_list_runs_custom_limit PASSED [  9%]
tests/test_api.py::TestPipelineRunsEndpoint::test_list_runs_combined_pagination PASSED [  9%]
tests/test_api.py::TestPipelineRunsEndpoint::test_list_runs_limit_enforced_max PASSED [  9%]
tests/test_api.py::TestPipelineRunsEndpoint::test_list_runs_negative_offset_rejected PASSED [  9%]
tests/test_api.py::TestPipelineRunsEndpoint::test_list_runs_zero_limit_rejected PASSED [  9%]
tests/test_api.py::TestPipelineRunsEndpoint::test_list_runs_response_structure PASSED [  9%]
tests/test_api.py::TestDemoEndpoint::test_demo_basic PASSED              [  9%]
tests/test_api.py::TestDemoEndpoint::test_demo_response_structure PASSED [  9%]
tests/test_api.py::TestDemoEndpoint::test_demo_resilience_delta_bounds PASSED [ 10%]
tests/test_api.py::TestDemoEndpoint::test_demo_insight_contains_word_count PASSED [ 10%]
tests/test_api.py::TestDemoEndpoint::test_demo_deterministic_with_seed PASSED [ 10%]
tests/test_api.py::TestDemoEndpoint::test_demo_empty_text_rejected PASSED [ 10%]
tests/test_api.py::TestDemoEndpoint::test_demo_dream_more_similar_than_nightmare PASSED [ 10%]
tests/test_api.py::TestDemoEndpoint::test_demo_insight_contains_resilience_quality PASSED [ 10%]
tests/test_api.py::test_get_compliance_report PASSED                     [ 10%]
tests/test_api.py::test_missing_compliance_report PASSED                 [ 10%]
tests/test_api.py::TestAPIVersionHeader::test_health_has_version_header PASSED [ 10%]
tests/test_api.py::TestAPIVersionHeader::test_dream_has_version_header PASSED [ 10%]
tests/test_api.py::TestAPIVersionHeader::test_validation_error_has_version_header PASSED [ 11%]
tests/test_api.py::TestAPIVersionHeader::test_unauthorized_has_version_header PASSED [ 11%]
tests/test_api.py::TestAPIVersionHeader::test_not_found_has_version_header PASSED [ 11%]
tests/test_api_badge.py::TestLatestBadgeSvg::test_latest_svg_no_runs PASSED [ 11%]
tests/test_api_badge.py::TestLatestBadgeSvg::test_latest_svg_green_score PASSED [ 11%]
tests/test_api_badge.py::TestLatestBadgeSvg::test_latest_svg_yellow_score PASSED [ 11%]
tests/test_api_badge.py::TestLatestBadgeSvg::test_latest_svg_red_score PASSED [ 11%]
tests/test_api_badge.py::TestLatestBadgeSvg::test_latest_svg_selects_most_recent_completed_run PASSED [ 11%]
tests/test_api_badge.py::TestLatestBadgeSvg::test_latest_svg_ignores_non_completed_runs PASSED [ 11%]
tests/test_api_badge.py::TestLatestBadgeSvg::test_latest_svg_public_access PASSED [ 11%]
tests/test_api_badge.py::TestLatestBadgeSvg::test_latest_svg_none_comparison_metrics_no_crash PASSED [ 12%]
tests/test_art_adapter.py::TestARTImportGuard::test_check_art_available_raises_with_install_hint PASSED [ 12%]
tests/test_art_adapter.py::TestARTImportGuard::test_supported_attacks_dictionary_contains_expected_keys PASSED [ 12%]
tests/test_art_adapter.py::TestARTImportGuard::test_art_attack_result_dataclass_fields PASSED [ 12%]
tests/test_art_adapter.py::TestARTImportGuard::test_invalid_attack_name_raises_value_error PASSED [ 12%]
tests/test_art_adapter.py::TestARTAdapterMocked::test_run_art_attack_returns_valid_result PASSED [ 12%]
tests/test_art_adapter.py::TestARTAdapterMocked::test_run_art_benchmark_returns_list_of_results PASSED [ 12%]
tests/test_art_adapter.py::TestARTAdapterMocked::test_run_art_attack_with_integer_labels PASSED [ 12%]
tests/test_art_adapter.py::TestARTAdapterMocked::test_run_art_attack_zero_correct_predictions PASSED [ 12%]
tests/test_art_adapter.py::TestARTAdapterIntegration::test_nightmarenet_art_classifier_wraps_model SKIPPED [ 12%]
tests/test_art_adapter.py::TestARTAdapterIntegration::test_from_nightmarenet_model_factory SKIPPED [ 13%]
tests/test_art_adapter.py::TestARTAdapterIntegration::test_run_fgsm_attack SKIPPED [ 13%]
tests/test_auth.py::TestAPIKeyMiddleware::test_valid_key_passes_through PASSED [ 13%]
tests/test_auth.py::TestAPIKeyMiddleware::test_invalid_key_returns_401 PASSED [ 13%]
tests/test_auth.py::TestAPIKeyMiddleware::test_missing_key_returns_401_when_auth_enabled PASSED [ 13%]
tests/test_auth.py::TestAPIKeyMiddleware::test_public_path_health_bypasses_auth PASSED [ 13%]
tests/test_auth.py::TestAPIKeyMiddleware::test_public_path_docs_bypasses_auth PASSED [ 13%]
tests/test_auth.py::TestAPIKeyMiddleware::test_public_path_openapi_bypasses_auth PASSED [ 13%]
tests/test_auth.py::TestAPIKeyMiddleware::test_public_prefix_badge_bypasses_auth PASSED [ 13%]
tests/test_auth.py::TestAPIKeyMiddleware::test_public_prefix_ws_bypasses_auth PASSED [ 13%]
tests/test_auth.py::TestAPIKeyMiddleware::test_exempt_referer_localhost_bypasses_auth PASSED [ 13%]
tests/test_auth.py::TestAPIKeyMiddleware::test_exempt_referer_127_0_0_1_bypasses_auth PASSED [ 14%]
tests/test_auth.py::TestAPIKeyMiddleware::test_exempt_origin_localhost_bypasses_auth PASSED [ 14%]
tests/test_auth.py::TestAPIKeyMiddleware::test_auth_disabled_when_no_api_key PASSED [ 14%]
tests/test_auth.py::TestAPIKeyMiddleware::test_timing_safe_comparison PASSED [ 14%]
tests/test_auth.py::TestAPIKeyMiddleware::test_env_var_override PASSED   [ 14%]
tests/test_auth.py::TestAPIKeyMiddleware::test_non_exempt_referer_requires_auth PASSED [ 14%]
tests/test_auth.py::TestAPIKeyMiddleware::test_non_public_path_requires_auth PASSED [ 14%]
tests/test_auth.py::TestAPIKeyMiddleware::test_redoc_bypasses_auth PASSED [ 14%]
tests/test_badge.py::TestBadgeSvg::test_svg_content_type_and_cache PASSED [ 14%]
tests/test_badge.py::TestBadgeSvg::test_svg_renders_score_text PASSED    [ 14%]
tests/test_badge.py::TestBadgeSvg::test_svg_color_changes_with_band PASSED [ 15%]
tests/test_badge.py::TestBadgeJson::test_elite_band PASSED               [ 15%]
tests/test_badge.py::TestBadgeJson::test_band_boundaries PASSED          [ 15%]
tests/test_badge.py::TestBadgeJson::test_cache_header_set PASSED         [ 15%]
tests/test_badge.py::TestBadgeValidation::test_above_range_svg PASSED    [ 15%]
tests/test_badge.py::TestBadgeValidation::test_below_range_svg PASSED    [ 15%]
tests/test_badge.py::TestBadgeValidation::test_above_range_json PASSED   [ 15%]
tests/test_badge.py::TestBadgeValidation::test_below_range_json PASSED   [ 15%]
tests/test_badge.py::TestBadgePublicAccess::test_no_api_key_required PASSED [ 15%]
tests/test_calibration.py::test_compute_ece_perfect_calibration PASSED   [ 15%]
tests/test_calibration.py::test_compute_ece_overconfident PASSED         [ 16%]
tests/test_calibration.py::test_reliability_diagram_data PASSED          [ 16%]
tests/test_calibration.py::test_temperature_scaler_fit_overconfident PASSED [ 16%]
tests/test_calibration.py::test_temperature_scaler_reduces_ece PASSED    [ 16%]
tests/test_calibration.py::test_calibration_edge_cases PASSED            [ 16%]
tests/test_callbacks.py::test_event_progress_pct PASSED                  [ 16%]
tests/test_callbacks.py::test_callback_manager_emits_to_handlers PASSED  [ 16%]
tests/test_callbacks.py::test_callback_manager_global_handler PASSED     [ 16%]
tests/test_callbacks.py::test_event_to_dict PASSED                       [ 16%]
tests/test_callbacks.py::test_callback_manager_phase_start_event PASSED  [ 16%]
tests/test_callbacks.py::test_callback_manager_phase_end_event PASSED    [ 17%]
tests/test_callbacks.py::test_callback_manager_epoch_start_event PASSED  [ 17%]
tests/test_callbacks.py::test_callback_manager_epoch_end_event PASSED    [ 17%]
tests/test_callbacks.py::test_warmup_lr_caps_at_base_value PASSED        [ 17%]
tests/test_causal_lm_metrics.py::test_relative_ppl_degradation PASSED    [ 17%]
tests/test_causal_lm_metrics.py::test_texts_to_dataloader_shapes PASSED  [ 17%]
tests/test_causal_lm_metrics.py::test_evaluate_causal_lm_robustness_three_types PASSED [ 17%]
tests/test_causal_lm_metrics.py::test_evaluate_requires_three_distortion_types PASSED [ 17%]
tests/test_causal_lm_metrics.py::test_build_distorter_seed_propagation PASSED [ 17%]
tests/test_certification.py::TestClopperPearsonLowerBound::test_matches_beta_ppf_reference_directly PASSED [ 17%]
tests/test_certification.py::TestClopperPearsonLowerBound::test_issue_reference_value_k900_n1000_alpha0001 PASSED [ 18%]
tests/test_certification.py::TestClopperPearsonLowerBound::test_matches_defining_property_via_binomial_cdf PASSED [ 18%]
tests/test_certification.py::TestClopperPearsonLowerBound::test_closed_form_all_successes PASSED [ 18%]
tests/test_certification.py::TestClopperPearsonLowerBound::test_zero_successes_gives_zero PASSED [ 18%]
tests/test_certification.py::TestClopperPearsonLowerBound::test_rejects_out_of_range_k[-1-10] PASSED [ 18%]
tests/test_certification.py::TestClopperPearsonLowerBound::test_rejects_out_of_range_k[11-10] PASSED [ 18%]
tests/test_certification.py::TestClopperPearsonLowerBound::test_rejects_nonpositive_n PASSED [ 18%]
tests/test_certification.py::TestClopperPearsonLowerBound::test_rejects_alpha_out_of_range[0.0] PASSED [ 18%]
tests/test_certification.py::TestClopperPearsonLowerBound::test_rejects_alpha_out_of_range[1.0] PASSED [ 18%]
tests/test_certification.py::TestClopperPearsonLowerBound::test_rejects_alpha_out_of_range[-0.1] PASSED [ 18%]
tests/test_certification.py::TestClopperPearsonLowerBound::test_rejects_alpha_out_of_range[1.5] PASSED [ 18%]
tests/test_certification.py::TestForwardHookNoiseInjection::test_hook_is_removed_after_normal_completion PASSED [ 19%]
tests/test_certification.py::TestForwardHookNoiseInjection::test_hook_is_removed_even_if_forward_raises PASSED [ 19%]
tests/test_certification.py::TestForwardHookNoiseInjection::test_noise_actually_perturbs_predictions PASSED [ 19%]
tests/test_certification.py::TestForwardHookNoiseInjection::test_rejects_nonpositive_batch_size PASSED [ 19%]
tests/test_certification.py::TestForwardHookNoiseInjection::test_negative_batch_size_raises_rather_than_hanging PASSED [ 19%]
tests/test_certification.py::TestForwardHookNoiseInjection::test_restores_eval_mode_after_certification PASSED [ 19%]
tests/test_certification.py::TestForwardHookNoiseInjection::test_restores_train_mode_after_certification PASSED [ 19%]
tests/test_certification.py::TestForwardHookNoiseInjection::test_restores_train_mode_even_if_forward_raises PASSED [ 19%]
tests/test_certification.py::TestCertifySampleAbstention::test_abstains_when_predictions_near_uniform PASSED [ 19%]
tests/test_certification.py::TestCertifySampleAbstention::test_certifies_when_one_class_dominates PASSED [ 19%]
tests/test_certification.py::TestCertifySampleAbstention::test_certification_budget_preserves_n0_reduces_n_first PASSED [ 20%]
tests/test_certification.py::TestCertifySampleAbstention::test_budget_smaller_than_n0_reduces_n0_too PASSED [ 20%]
tests/test_certification.py::TestCertifySampleAbstention::test_zero_budget_abstains_without_running_inference PASSED [ 20%]
tests/test_certification.py::TestCertifySampleSelectionIndependence::test_selection_and_estimation_use_independent_noise_draws PASSED [ 20%]
tests/test_certification.py::TestCertifySampleDeterminism::test_identical_seed_gives_identical_result PASSED [ 20%]
tests/test_certification.py::TestCertifySampleDeterminism::test_batch_size_does_not_change_sample_count_or_validity PASSED [ 20%]
tests/test_certification.py::TestCertifyDataset::test_empty_dataset_returns_zeroed_summary PASSED [ 20%]
tests/test_certification.py::TestCertifyDataset::test_aggregates_across_samples PASSED [ 20%]
tests/test_certification.py::TestCertifyDataset::test_budget_total_divided_across_samples_exactly PASSED [ 20%]
tests/test_certification.py::TestCertifyDataset::test_budget_smaller_than_sample_count_never_exceeds_total PASSED [ 20%]
tests/test_certification.py::TestCertifyDataset::test_zero_total_budget_all_samples_abstain PASSED [ 21%]
tests/test_certification.py::TestCertifyDataset::test_aggregate_metrics_include_abstained_samples PASSED [ 21%]
tests/test_cli_commands.py::test_subcommand_help[train-keywords0] PASSED [ 21%]
tests/test_cli_commands.py::test_subcommand_help[evaluate-keywords1] PASSED [ 21%]
tests/test_cli_commands.py::test_subcommand_help[benchmark-keywords2] PASSED [ 21%]
tests/test_cli_commands.py::test_subcommand_help[distort-keywords3] PASSED [ 21%]
tests/test_cli_commands.py::test_subcommand_help[foundation-keywords4] PASSED [ 21%]
tests/test_cli_commands.py::test_subcommand_help[transfer-keywords5] PASSED [ 21%]
tests/test_cli_commands.py::test_main_help PASSED                        [ 21%]
tests/test_cli_commands.py::test_missing_required_args[args0] PASSED     [ 21%]
tests/test_cli_commands.py::test_missing_required_args[args1] PASSED     [ 22%]
tests/test_cli_commands.py::test_missing_required_args[args2] PASSED     [ 22%]
tests/test_cli_commands.py::test_evaluate_command_success PASSED         [ 22%]
tests/test_cli_commands.py::test_distort_command_success PASSED          [ 22%]
tests/test_cli_commands.py::test_benchmark_fails_gracefully_on_nonexistent_config PASSED [ 22%]
tests/test_cli_commands.py::test_train_fails_gracefully_on_nonexistent_config PASSED [ 22%]
tests/test_cli_version.py::test_version_flag_exits_zero PASSED           [ 22%]
tests/test_cli_version.py::test_version_flag_prints_installed_version PASSED [ 22%]
tests/test_cli_version.py::test_verbosity_flags_parse[--verbose-True-False] PASSED [ 22%]
tests/test_cli_version.py::test_verbosity_flags_parse[-v-True-False] PASSED [ 22%]
tests/test_cli_version.py::test_verbosity_flags_parse[--quiet-False-True] PASSED [ 22%]
tests/test_cli_version.py::test_verbosity_flags_parse[-q-False-True] PASSED [ 23%]
tests/test_cli_version.py::test_default_verbosity PASSED                 [ 23%]
tests/test_cli_version.py::test_verbose_and_quiet_mutually_exclusive PASSED [ 23%]
tests/test_compliance.py::test_generate_compliance_report PASSED         [ 23%]
tests/test_compliance.py::test_config_hash_is_deterministic PASSED       [ 23%]
tests/test_compliance.py::test_config_defaults_to_no_compliance_report PASSED [ 23%]
tests/test_compliance.py::test_signed_json_export PASSED                 [ 23%]
tests/test_compliance.py::test_signed_json_schema PASSED                 [ 23%]
tests/test_compliance.py::test_jws_verification PASSED                   [ 23%]
tests/test_compliance.py::test_tampered_jws_is_invalid PASSED            [ 23%]
tests/test_compliance.py::test_verification_reports_metadata PASSED      [ 24%]
tests/test_compliance.py::test_missing_signing_key_produces_error PASSED [ 24%]
tests/test_compliance.py::test_pdf_export_is_unchanged PASSED            [ 24%]
tests/test_compliance_pdf.py::test_generate_pdf_without_dependencies PASSED [ 24%]
tests/test_compliance_pdf.py::test_generate_pdf_with_dependencies SKIPPED [ 24%]
tests/test_compliance_pdf.py::test_generate_pdf_creates_output_dir SKIPPED [ 24%]
tests/test_compliance_pdf.py::test_generate_pdf_with_tracker SKIPPED     [ 24%]
tests/test_compliance_pdf.py::test_generate_pdf_signature_metadata SKIPPED [ 24%]
tests/test_compliance_pdf.py::test_generate_pdf_model_directory SKIPPED  [ 24%]
tests/test_compliance_pdf.py::test_pdf_builder_check_dependencies PASSED [ 24%]
tests/test_compliance_pdf.py::test_pdf_builder_get_version PASSED        [ 25%]
tests/test_compliance_pdf.py::test_pdf_signature_verification SKIPPED    [ 25%]
tests/test_compliance_pdf.py::test_pdf_signing_custom_certificate SKIPPED [ 25%]
tests/test_compliance_pdf.py::test_pdf_signing_fallback_when_pyhanko_unavailable PASSED [ 25%]
tests/test_compliance_pdf.py::test_pdf_signing_fallback_on_signing_error SKIPPED [ 25%]
tests/test_compression.py::TestMagnitudePruner::test_pruning_ratio_respected PASSED [ 25%]
tests/test_compression.py::TestMagnitudePruner::test_pruning_ratio_zero_noop PASSED [ 25%]
tests/test_compression.py::TestMagnitudePruner::test_pruning_ratio_high PASSED [ 25%]
tests/test_compression.py::TestMagnitudePruner::test_pruning_invalid_ratio[-0.1] PASSED [ 25%]
tests/test_compression.py::TestMagnitudePruner::test_pruning_invalid_ratio[1.0] PASSED [ 25%]
tests/test_compression.py::TestMagnitudePruner::test_pruning_invalid_ratio[1.5] PASSED [ 26%]
tests/test_compression.py::TestMagnitudePruner::test_pruned_model_forward_pass PASSED [ 26%]
tests/test_compression.py::TestMagnitudePruner::test_pruning_determinism PASSED [ 26%]
tests/test_compression.py::TestBottleneckWrapper::test_bottleneck_reduces_parameters PASSED [ 26%]
tests/test_compression.py::TestBottleneckWrapper::test_bottleneck_forward_shape PASSED [ 26%]
tests/test_compression.py::TestBottleneckWrapper::test_bottleneck_rank_ratio PASSED [ 26%]
tests/test_compression.py::TestBottleneckWrapper::test_bottleneck_invalid_rank_ratio[0.0] PASSED [ 26%]
tests/test_compression.py::TestBottleneckWrapper::test_bottleneck_invalid_rank_ratio[-0.1] PASSED [ 26%]
tests/test_compression.py::TestBottleneckWrapper::test_bottleneck_invalid_rank_ratio[1.1] PASSED [ 26%]
tests/test_compression.py::TestBottleneckWrapper::test_apply_bottleneck_to_model PASSED [ 26%]
tests/test_compression.py::TestCompressionPhaseBottleneck::test_bottleneck_method_is_applied_and_preserves_forward_pass PASSED [ 27%]
tests/test_compression.py::TestCompressionPhaseBottleneck::test_bottleneck_success_allows_distillation PASSED [ 27%]
tests/test_compute_cost_analysis.py::TestGetFlopsPerSample::test_known_model_distilbert PASSED [ 27%]
tests/test_compute_cost_analysis.py::TestGetFlopsPerSample::test_known_model_distilgpt2 PASSED [ 27%]
tests/test_compute_cost_analysis.py::TestGetFlopsPerSample::test_known_model_bert PASSED [ 27%]
tests/test_compute_cost_analysis.py::TestGetFlopsPerSample::test_case_insensitive_match PASSED [ 27%]
tests/test_compute_cost_analysis.py::TestGetFlopsPerSample::test_fallback_model PASSED [ 27%]
tests/test_compute_cost_analysis.py::TestGetFlopsPerSample::test_partial_name_match PASSED [ 27%]
tests/test_compute_cost_analysis.py::TestCalculatePhaseFlops::test_exact_calculation PASSED [ 27%]
tests/test_compute_cost_analysis.py::TestCalculatePhaseFlops::test_multiple_epochs PASSED [ 27%]
tests/test_compute_cost_analysis.py::TestCalculatePhaseFlops::test_zero_epochs PASSED [ 27%]
tests/test_compute_cost_analysis.py::TestCalculatePhaseFlops::test_zero_samples PASSED [ 28%]
tests/test_compute_cost_analysis.py::TestCalculatePhaseFlops::test_default_flops_per_sample PASSED [ 28%]
tests/test_compute_cost_analysis.py::TestCalculateCycleFlops::test_cycle_total_equals_phase_sum PASSED [ 28%]
tests/test_compute_cost_analysis.py::TestCalculateCycleFlops::test_phase_breakdown PASSED [ 28%]
tests/test_compute_cost_analysis.py::TestCalculateCycleFlops::test_zero_epochs_in_phase PASSED [ 28%]
tests/test_compute_cost_analysis.py::TestCalculateTotalFlops::test_total_flops_calculation PASSED [ 28%]
tests/test_compute_cost_analysis.py::TestCalculateTotalFlops::test_baseline_comparison PASSED [ 28%]
tests/test_compute_cost_analysis.py::TestCalculateTotalFlops::test_baseline_multi_cycle_scaling PASSED [ 28%]
tests/test_compute_cost_analysis.py::TestCalculateTotalFlops::test_cycle_total_matches_sum PASSED [ 28%]
tests/test_compute_cost_analysis.py::TestCalculateTotalFlops::test_metadata_fields PASSED [ 28%]
tests/test_compute_cost_analysis.py::TestCalculateTotalFlops::test_schedule_fields PASSED [ 29%]
tests/test_compute_cost_analysis.py::TestFormatFlops::test_femto_flops PASSED [ 29%]
tests/test_compute_cost_analysis.py::TestFormatFlops::test_giga_flops PASSED [ 29%]
tests/test_compute_cost_analysis.py::TestFormatFlops::test_tera_flops PASSED [ 29%]
tests/test_compute_cost_analysis.py::TestFormatFlops::test_peta_flops PASSED [ 29%]
tests/test_compute_cost_analysis.py::TestFormatFlops::test_zero_flops PASSED [ 29%]
tests/test_compute_cost_analysis.py::TestFormatFlops::test_default_formatting PASSED [ 29%]
tests/test_confidence_delta.py::test_compute_confidence_delta PASSED     [ 29%]
tests/test_confidence_delta.py::test_truncate_preview PASSED             [ 29%]
tests/test_confidence_delta.py::test_rank_failures PASSED                [ 29%]
tests/test_confidence_delta.py::test_build_delta_distribution PASSED     [ 30%]
tests/test_confidence_delta.py::test_lm_confidence_conversion PASSED     [ 30%]
tests/test_confidence_delta.py::test_markdown_report_generation PASSED   [ 30%]
tests/test_confidence_delta.py::test_empty_failures_report PASSED        [ 30%]
tests/test_copilot.py::TestCopilotNonStream::test_returns_200_with_expected_shape PASSED [ 30%]
tests/test_copilot.py::TestCopilotNonStream::test_context_augments_answer PASSED [ 30%]
tests/test_copilot.py::TestCopilotNonStream::test_unknown_section_falls_back_to_command_center PASSED [ 30%]
tests/test_copilot.py::TestCopilotNonStream::test_validation_rejects_empty_question PASSED [ 30%]
tests/test_copilot.py::TestCopilotStream::test_stream_emits_tokens_and_done PASSED [ 30%]
tests/test_data_optimize.py::TestDataOptimizeEndpoint::test_valid_payload_returns_503_without_sdk PASSED [ 30%]
tests/test_data_optimize.py::TestDataOptimizeEndpoint::test_missing_prompt_key_returns_422 PASSED [ 31%]
tests/test_data_optimize.py::TestDataOptimizeEndpoint::test_empty_texts_returns_422 PASSED [ 31%]
tests/test_data_optimize.py::TestDataOptimizeEndpoint::test_estimate_only_mode PASSED [ 31%]
tests/test_data_optimize.py::TestDataOptimizeEndpoint::test_rate_limit_headers_present PASSED [ 31%]
tests/test_distillation.py::TestDistillationLoss::test_distillation_loss_decreases PASSED [ 31%]
tests/test_distillation.py::TestDistillationDisabled::test_distillation_disabled_noop PASSED [ 31%]
tests/test_distillation.py::TestDistillationGatedOnPruning::test_distillation_gated_on_pruning_success PASSED [ 31%]
tests/test_distortion_dsl.py::test_chain_config_schema_validation PASSED [ 31%]
tests/test_distortion_dsl.py::test_chain_config_invalid_strength PASSED  [ 31%]
tests/test_distortion_dsl.py::test_chain_config_invalid_condition PASSED [ 31%]
tests/test_distortion_dsl.py::test_chain_config_empty_chain PASSED       [ 31%]
tests/test_distortion_dsl.py::test_parse_chain_config_from_yaml PASSED   [ 32%]
tests/test_distortion_dsl.py::test_parse_chain_config_invalid_yaml PASSED [ 32%]
tests/test_distortion_dsl.py::test_parse_chain_config_unknown_engine PASSED [ 32%]
tests/test_distortion_dsl.py::test_validate_chain_config PASSED          [ 32%]
tests/test_distortion_dsl.py::test_validate_chain_config_invalid PASSED  [ 32%]
tests/test_distortion_dsl.py::test_chain_executor_condition_always PASSED [ 32%]
tests/test_distortion_dsl.py::test_chain_executor_condition_strength_gt PASSED [ 32%]
tests/test_distortion_dsl.py::test_chain_executor_condition_strength_lt PASSED [ 32%]
tests/test_distortion_dsl.py::test_chain_executor_condition_strength_gte PASSED [ 32%]
tests/test_distortion_dsl.py::test_chain_executor_condition_strength_lte PASSED [ 32%]
tests/test_distortion_dsl.py::test_chain_executor_condition_invalid PASSED [ 33%]
tests/test_distortion_dsl.py::test_chain_executor_single_step PASSED     [ 33%]
tests/test_distortion_dsl.py::test_chain_executor_multiple_steps PASSED  [ 33%]
tests/test_distortion_dsl.py::test_chain_executor_condition_skipping PASSED [ 33%]
tests/test_distortion_dsl.py::test_chain_executor_determinism PASSED     [ 33%]
tests/test_distortion_dsl.py::test_chain_executor_with_trace PASSED      [ 33%]
tests/test_distortion_dsl.py::test_load_preset PASSED                    [ 33%]
tests/test_distortion_dsl.py::test_list_presets PASSED                   [ 33%]
tests/test_distortion_dsl.py::test_chain_executor_failed_step_continues PASSED [ 33%]
tests/test_distortion_dsl.py::test_condition_parser_security_attribute_access PASSED [ 33%]
tests/test_distortion_dsl.py::test_condition_parser_security_method_call PASSED [ 34%]
tests/test_distortion_dsl.py::test_condition_parser_security_mro_traversal PASSED [ 34%]
tests/test_distortion_dsl.py::test_condition_parser_security_subclasses PASSED [ 34%]
tests/test_distortion_dsl.py::test_condition_parser_security_import PASSED [ 34%]
tests/test_distortion_dsl.py::test_condition_parser_valid_comparisons PASSED [ 34%]
tests/test_distortion_modules.py::TestDistortionModuleExports::test_dream_distort_returns_string PASSED [ 34%]
tests/test_distortion_modules.py::TestDistortionModuleExports::test_dream_distort_with_zero_strength_preserves_text PASSED [ 34%]
tests/test_distortion_modules.py::TestDistortionModuleExports::test_nightmare_distort_returns_string PASSED [ 34%]
tests/test_distortion_modules.py::TestDistortionModuleExports::test_nightmare_distort_high_strength_modifies_text PASSED [ 34%]
tests/test_distortion_modules.py::TestDistortionModuleExports::test_dream_distort_with_config PASSED [ 34%]
tests/test_distortion_modules.py::TestDistortionModuleExports::test_nightmare_distort_with_config PASSED [ 35%]
tests/test_distortion_modules.py::TestDistortionModuleExports::test_dream_deterministic_with_seed PASSED [ 35%]
tests/test_distortion_modules.py::TestDistortionModuleExports::test_nightmare_deterministic_with_seed PASSED [ 35%]
tests/test_distortion_modules.py::TestDistortionModuleExports::test_empty_text_passes_through PASSED [ 35%]
tests/test_distortion_modules.py::TestNightmarePipeline::test_pipeline_order PASSED [ 35%]
tests/test_distortion_modules.py::TestNightmarePipeline::test_config_forwarding PASSED [ 35%]
tests/test_distortion_modules.py::TestNightmarePipeline::test_default_adversarial_config_created PASSED [ 35%]
tests/test_distortion_modules.py::TestNightmarePipeline::test_no_default_adversarial_config_below_threshold PASSED [ 35%]
tests/test_distortion_modules.py::TestAdversarialDistortions::test_adversarial_empty_input_passthrough PASSED [ 35%]
tests/test_distortion_modules.py::TestAdversarialDistortions::test_adversarial_zero_strength PASSED [ 35%]
tests/test_distortion_modules.py::TestAdversarialDistortions::test_adversarial_full_strength PASSED [ 36%]
tests/test_distortion_modules.py::TestAdversarialDistortions::test_adversarial_custom_config PASSED [ 36%]
tests/test_distortion_modules.py::TestAdversarialDistortions::test_adversarial_invalid_strength_raises PASSED [ 36%]
tests/test_distortion_modules.py::TestSemanticDistortions::test_semantic_empty_input_passthrough PASSED [ 36%]
tests/test_distortion_modules.py::TestSemanticDistortions::test_semantic_zero_strength PASSED [ 36%]
tests/test_distortion_modules.py::TestSemanticDistortions::test_semantic_full_strength PASSED [ 36%]
tests/test_distortion_modules.py::TestSemanticDistortions::test_semantic_deterministic_with_seed PASSED [ 36%]
tests/test_distortion_modules.py::TestTextDistortions::test_text_empty_input_passthrough PASSED [ 36%]
tests/test_distortion_modules.py::TestTextDistortions::test_text_zero_strength PASSED [ 36%]
tests/test_distortion_modules.py::TestTextDistortions::test_text_high_strength_modifies PASSED [ 36%]
tests/test_distortion_modules.py::TestLearnedDistortionsFallback::test_learned_weight_capped_at_0_4 PASSED [ 36%]
tests/test_distortion_modules.py::TestLearnedDistortionsFallback::test_learned_weight_equals_strength_when_below_cap PASSED [ 37%]
tests/test_distortion_plugins.py::test_validate_distortion_contract_valid PASSED [ 37%]
tests/test_distortion_plugins.py::test_validate_distortion_contract_empty_input PASSED [ 37%]
tests/test_distortion_plugins.py::test_validate_distortion_contract_strength_zero PASSED [ 37%]
tests/test_distortion_plugins.py::test_validate_distortion_contract_determinism PASSED [ 37%]
tests/test_distortion_plugins.py::test_validate_base_distortion_valid PASSED [ 37%]
tests/test_distortion_plugins.py::test_validate_base_distortion_missing_name PASSED [ 37%]
tests/test_distortion_plugins.py::test_validate_base_distortion_not_subclass PASSED [ 37%]
tests/test_distortion_plugins.py::test_validate_distortion_function PASSED [ 37%]
tests/test_distortion_plugins.py::test_validate_distortion_plugin PASSED [ 37%]
tests/test_distortion_plugins.py::test_load_from_file_not_found PASSED   [ 38%]
tests/test_distortion_plugins.py::test_load_from_file_not_python PASSED  [ 38%]
tests/test_distortion_plugins.py::test_load_from_file_function_not_found PASSED [ 38%]
tests/test_distortion_plugins.py::test_load_from_file_success PASSED     [ 38%]
tests/test_distortion_plugins.py::test_load_custom_engine_invalid_format PASSED [ 38%]
tests/test_distortion_plugins.py::test_load_custom_engine_missing_colon PASSED [ 38%]
tests/test_distortion_plugins.py::test_load_custom_engine_success PASSED [ 38%]
tests/test_distortion_quality_vs_size.py::test_calculate_metrics PASSED  [ 38%]
tests/test_distortion_quality_vs_size.py::test_calculate_metrics_empty PASSED [ 38%]
tests/test_distortion_quality_vs_size.py::test_write_svg_plot PASSED     [ 38%]
tests/test_distortion_quality_vs_size.py::test_run_study_calibrate PASSED [ 39%]
tests/test_distortion_quality_vs_size.py::test_main_cli PASSED           [ 39%]
tests/test_distortion_registry.py::test_builtin_engines_registered PASSED [ 39%]
tests/test_distortion_registry.py::test_apply_dream_deterministic_with_seed PASSED [ 39%]
tests/test_distortion_registry.py::test_unknown_engine_raises PASSED     [ 39%]
tests/test_distortion_registry.py::test_custom_engine_registration PASSED [ 39%]
tests/test_distortion_registry.py::test_get_registry_singleton PASSED    [ 39%]
tests/test_distortion_registry.py::test_decorator_registration PASSED    [ 39%]
tests/test_distortion_registry.py::test_list_engines_by_source PASSED    [ 39%]
tests/test_distortion_registry.py::test_base_distortion_plugin PASSED    [ 39%]
tests/test_distortion_registry.py::test_builtin_metadata_source PASSED   [ 40%]
tests/test_distortions.py::TestTextDistortions::test_char_swap_produces_output PASSED [ 40%]
tests/test_distortions.py::TestTextDistortions::test_char_swap_zero_strength_preserves_text PASSED [ 40%]
tests/test_distortions.py::TestTextDistortions::test_char_swap_empty_input PASSED [ 40%]
tests/test_distortions.py::TestTextDistortions::test_char_insert_produces_output PASSED [ 40%]
tests/test_distortions.py::TestTextDistortions::test_char_insert_zero_strength PASSED [ 40%]
tests/test_distortions.py::TestTextDistortions::test_char_delete_produces_output PASSED [ 40%]
tests/test_distortions.py::TestTextDistortions::test_char_delete_zero_strength PASSED [ 40%]
tests/test_distortions.py::TestTextDistortions::test_keyboard_typo_produces_output PASSED [ 40%]
tests/test_distortions.py::TestTextDistortions::test_keyboard_typo_empty_input PASSED [ 40%]
tests/test_distortions.py::TestTextDistortions::test_word_shuffle_produces_output PASSED [ 40%]
tests/test_distortions.py::TestTextDistortions::test_word_shuffle_single_word PASSED [ 41%]
tests/test_distortions.py::TestTextDistortions::test_token_mask_produces_output PASSED [ 41%]
tests/test_distortions.py::TestTextDistortions::test_token_replace_produces_output PASSED [ 41%]
tests/test_distortions.py::TestTextDistortions::test_apply_text_distortions_produces_output PASSED [ 41%]
tests/test_distortions.py::TestTextDistortions::test_apply_text_distortions_empty_input PASSED [ 41%]
tests/test_distortions.py::TestTextDistortions::test_apply_text_distortions_custom_config PASSED [ 41%]
tests/test_distortions.py::TestTextDistortions::test_high_strength_produces_more_distortion PASSED [ 41%]
tests/test_distortions.py::TestSemanticDistortions::test_synonym_replace_produces_output PASSED [ 41%]
tests/test_distortions.py::TestSemanticDistortions::test_synonym_replace_preserves_punctuation PASSED [ 41%]
tests/test_distortions.py::TestSemanticDistortions::test_negation_inject_produces_output PASSED [ 41%]
tests/test_distortions.py::TestSemanticDistortions::test_topic_splice_produces_output PASSED [ 42%]
tests/test_distortions.py::TestSemanticDistortions::test_topic_splice_short_text PASSED [ 42%]
tests/test_distortions.py::TestSemanticDistortions::test_entity_swap_produces_output PASSED [ 42%]
tests/test_distortions.py::TestSemanticDistortions::test_entity_swap_no_entities PASSED [ 42%]
tests/test_distortions.py::TestSemanticDistortions::test_apply_semantic_distortions_produces_output PASSED [ 42%]
tests/test_distortions.py::TestSemanticDistortions::test_apply_semantic_distortions_empty_input PASSED [ 42%]
tests/test_distortions.py::TestAdversarialDistortions::test_inject_contradiction_produces_output PASSED [ 42%]
tests/test_distortions.py::TestAdversarialDistortions::test_inject_ambiguity_produces_output PASSED [ 42%]
tests/test_distortions.py::TestAdversarialDistortions::test_inject_ambiguity_empty_input PASSED [ 42%]
tests/test_distortions.py::TestAdversarialDistortions::test_cross_domain_splice_produces_output PASSED [ 42%]
tests/test_distortions.py::TestAdversarialDistortions::test_cross_domain_splice_with_domain PASSED [ 43%]
tests/test_distortions.py::TestAdversarialDistortions::test_inject_misleading_context_produces_output PASSED [ 43%]
tests/test_distortions.py::TestAdversarialDistortions::test_construct_adversarial_prompt PASSED [ 43%]
tests/test_distortions.py::TestAdversarialDistortions::test_apply_adversarial_distortions_produces_output PASSED [ 43%]
tests/test_distortions.py::TestAdversarialDistortions::test_apply_adversarial_distortions_empty_input PASSED [ 43%]
tests/test_distortions.py::TestLearnedAdversarialDistortions::test_generator_fallback_no_model PASSED [ 43%]
tests/test_distortions.py::TestLearnedAdversarialDistortions::test_generator_empty_input PASSED [ 43%]
tests/test_distortions.py::TestLearnedAdversarialDistortions::test_generator_single_word PASSED [ 43%]
tests/test_distortions.py::TestLearnedAdversarialDistortions::test_importance_fallback PASSED [ 43%]
tests/test_distortions.py::TestLearnedAdversarialDistortions::test_adversarial_via_config PASSED [ 43%]
tests/test_distortions_multilingual.py::TestGraphemeAwareness::test_char_swap_cjk_no_broken_clusters PASSED [ 44%]
tests/test_distortions_multilingual.py::TestGraphemeAwareness::test_char_swap_combining_marks_stay_attached PASSED [ 44%]
tests/test_distortions_multilingual.py::TestGraphemeAwareness::test_char_swap_devanagari_matras_stay_attached PASSED [ 44%]
tests/test_distortions_multilingual.py::TestScriptDetection::test_detects_cjk PASSED [ 44%]
tests/test_distortions_multilingual.py::TestScriptDetection::test_detects_arabic PASSED [ 44%]
tests/test_distortions_multilingual.py::TestScriptDetection::test_detects_cyrillic PASSED [ 44%]
tests/test_distortions_multilingual.py::TestScriptDetection::test_detects_devanagari PASSED [ 44%]
tests/test_distortions_multilingual.py::TestScriptDetection::test_detects_latin_default PASSED [ 44%]
tests/test_distortions_multilingual.py::TestScriptDetection::test_is_rtl PASSED [ 44%]
tests/test_distortions_multilingual.py::TestTypoInjection::test_typo_injection_produces_output_per_script PASSED [ 44%]
tests/test_distortions_multilingual.py::TestTypoInjection::test_typo_injection_changes_text_at_high_strength PASSED [ 45%]
tests/test_distortions_multilingual.py::TestTypoInjection::test_typo_injection_arabic_has_map_coverage PASSED [ 45%]
tests/test_distortions_multilingual.py::TestTypoInjection::test_typo_injection_cyrillic_has_map_coverage PASSED [ 45%]
tests/test_distortions_multilingual.py::TestTypoInjection::test_typo_injection_cjk_has_map_coverage PASSED [ 45%]
tests/test_distortions_multilingual.py::TestTypoInjection::test_typo_injection_empty_input PASSED [ 45%]
tests/test_distortions_multilingual.py::TestTypoInjection::test_typo_injection_zero_strength_is_noop PASSED [ 45%]
tests/test_distortions_multilingual.py::TestTypoInjection::test_typo_injection_preserves_grapheme_count PASSED [ 45%]
tests/test_distortions_multilingual.py::TestHomoglyphSubstitution::test_homoglyph_substitution_produces_output PASSED [ 45%]
tests/test_distortions_multilingual.py::TestHomoglyphSubstitution::test_homoglyph_substitution_uses_confusables_table PASSED [ 45%]
tests/test_distortions_multilingual.py::TestHomoglyphSubstitution::test_homoglyph_substitution_empty_input PASSED [ 45%]
tests/test_distortions_multilingual.py::TestHomoglyphSubstitution::test_homoglyph_substitution_zero_strength_is_noop PASSED [ 45%]
tests/test_distortions_multilingual.py::TestHomoglyphSubstitution::test_homoglyph_substitution_non_latin_tables_exist PASSED [ 46%]
tests/test_distortions_multilingual.py::TestRTLDirectionality::test_arabic_base_direction_preserved_char_swap PASSED [ 46%]
tests/test_distortions_multilingual.py::TestRTLDirectionality::test_arabic_base_direction_preserved_typo_injection PASSED [ 46%]
tests/test_distortions_multilingual.py::TestRTLDirectionality::test_arabic_base_direction_preserved_homoglyph PASSED [ 46%]
tests/test_distortions_multilingual.py::TestRTLDirectionality::test_arabic_base_direction_preserved_char_insert PASSED [ 46%]
tests/test_distortions_multilingual.py::TestRTLDirectionality::test_arabic_char_insert_does_not_inject_latin_noise PASSED [ 46%]
tests/test_distortions_multilingual.py::TestRoundtripValidation::test_cjk_roundtrip_all_functions PASSED [ 46%]
tests/test_distortions_multilingual.py::TestRoundtripValidation::test_arabic_roundtrip_all_functions PASSED [ 46%]
tests/test_distortions_multilingual.py::TestRoundtripValidation::test_cyrillic_roundtrip_all_functions PASSED [ 46%]
tests/test_distortions_multilingual.py::TestRoundtripValidation::test_devanagari_roundtrip_all_functions PASSED [ 46%]
tests/test_distortions_multilingual.py::TestRoundtripValidation::test_char_delete_never_crashes_non_latin PASSED [ 47%]
tests/test_distributed_native.py::test_device_pool PASSED                [ 47%]
tests/test_distributed_native.py::test_compute_config_hash PASSED        [ 47%]
tests/test_distributed_native.py::test_atomic_checkpoint_and_resume PASSED [ 47%]
tests/test_distributed_native.py::test_apply_phase_strategy PASSED       [ 47%]
tests/test_distributed_native.py::test_ddp_wrapper_setup_with_torchrun PASSED [ 47%]
tests/test_distributed_native.py::test_ddp_wrapper_setup_without_torchrun PASSED [ 47%]
tests/test_distributed_native.py::test_ddp_wrapper_setup_dist_not_available PASSED [ 47%]
tests/test_distributed_native.py::test_ddp_wrapper_wrap_model PASSED     [ 47%]
tests/test_distributed_native.py::test_ddp_wrapper_wrap_model_no_cuda PASSED [ 47%]
tests/test_distributed_native.py::test_ddp_wrapper_teardown PASSED       [ 48%]
tests/test_distributed_native.py::test_unwrap_model_simple PASSED        [ 48%]
tests/test_distributed_native.py::test_unwrap_model_ddp PASSED           [ 48%]
tests/test_distributed_native.py::test_unwrap_model_nested PASSED        [ 48%]
tests/test_distributed_native.py::test_strategy_nightmare_phase PASSED   [ 48%]
tests/test_distributed_native.py::test_strategy_single_device_fallback PASSED [ 48%]
tests/test_distributed_native.py::test_strategy_ddp_not_initialized_fallback PASSED [ 48%]
tests/test_distributed_native.py::test_strategy_distributed_disabled PASSED [ 48%]
tests/test_distributed_native.py::test_checkpoint_missing_directory PASSED [ 48%]
tests/test_distributed_native.py::test_checkpoint_missing_sentinel PASSED [ 48%]
tests/test_distributed_native.py::test_checkpoint_missing_metadata PASSED [ 49%]
tests/test_distributed_native.py::test_checkpoint_invalid_json PASSED    [ 49%]
tests/test_distributed_native.py::test_checkpoint_missing_required_keys PASSED [ 49%]
tests/test_distributed_native.py::test_checkpoint_missing_model_weights PASSED [ 49%]
tests/test_distributed_native.py::test_checkpoint_missing_optimizer_state PASSED [ 49%]
tests/test_distributed_native.py::test_checkpoint_checksum_mismatch PASSED [ 49%]
tests/test_distributed_native.py::test_checkpoint_save_overwrites_existing PASSED [ 49%]
tests/test_distributed_native.py::test_version_compatibility_same PASSED [ 49%]
tests/test_distributed_native.py::test_version_compatibility_minor_diff PASSED [ 49%]
tests/test_distributed_native.py::test_version_compatibility_major_mismatch PASSED [ 49%]
tests/test_distributed_native.py::test_version_compatibility_zero_minor_mismatch PASSED [ 50%]
tests/test_distributed_native.py::test_version_compatibility_invalid_format PASSED [ 50%]
tests/test_distributed_native.py::test_config_hash_determinism PASSED    [ 50%]
tests/test_distributed_native.py::test_config_hash_order_independence PASSED [ 50%]
tests/test_distributed_native.py::test_config_hash_nested_order_independence PASSED [ 50%]
tests/test_distributed_native.py::test_device_pool_override PASSED       [ 50%]
tests/test_distributed_native.py::test_device_pool_empty_override PASSED [ 50%]
tests/test_distributed_native.py::test_device_pool_no_cuda PASSED        [ 50%]
tests/test_distributed_native.py::test_device_pool_memory_estimation PASSED [ 50%]
tests/test_distributed_native.py::test_device_pool_should_use_ddp PASSED [ 50%]
tests/test_dream_dp.py::test_sigma_decreases_as_epsilon_grows PASSED     [ 50%]
tests/test_dream_dp.py::test_calibrate_rejects_non_positive_epsilon PASSED [ 51%]
tests/test_dream_dp.py::test_dp_noise_is_deterministic_with_seed PASSED  [ 51%]
tests/test_dream_dp.py::test_distort_skips_dp_when_epsilon_null PASSED   [ 51%]
tests/test_dream_dp.py::test_distort_applies_dp_when_epsilon_set PASSED  [ 51%]
tests/test_dream_dp.py::test_privacy_accountant_accumulates_across_cycles PASSED [ 51%]
tests/test_dream_dp.py::test_example_dp_config_loads PASSED              [ 51%]
tests/test_dsl_parser_property.py::TestDSLParserProperties::test_roundtrip_invariant PASSED [ 51%]
tests/test_dsl_parser_property.py::TestDSLParserProperties::test_fuzz_arbitrary_unicode PASSED [ 51%]
tests/test_dsl_parser_property.py::TestDSLParserEdgeCases::test_empty_string_raises_syntax_error PASSED [ 51%]
tests/test_dsl_parser_property.py::TestDSLParserEdgeCases::test_whitespace_only_raises_syntax_error PASSED [ 51%]
tests/test_dsl_parser_property.py::TestDSLParserEdgeCases::test_non_string_raises_syntax_error PASSED [ 52%]
tests/test_dsl_parser_property.py::TestDSLParserEdgeCases::test_single_distortion_default_strength PASSED [ 52%]
tests/test_dsl_parser_property.py::TestDSLParserEdgeCases::test_single_distortion_custom_strength PASSED [ 52%]
tests/test_dsl_parser_property.py::TestDSLParserEdgeCases::test_multi_step_chain_parsing PASSED [ 52%]
tests/test_dsl_parser_property.py::TestDSLParserEdgeCases::test_max_chain_length_exceeded PASSED [ 52%]
tests/test_dsl_parser_property.py::TestDSLParserEdgeCases::test_empty_step_in_chain PASSED [ 52%]
tests/test_dsl_parser_property.py::TestDSLParserEdgeCases::test_trailing_arrow_raises_syntax_error PASSED [ 52%]
tests/test_dsl_parser_property.py::TestDSLParserEdgeCases::test_leading_arrow_raises_syntax_error PASSED [ 52%]
tests/test_dsl_parser_property.py::TestDSLParserEdgeCases::test_nested_parentheses_raises_syntax_error PASSED [ 52%]
tests/test_dsl_parser_property.py::TestDSLParserEdgeCases::test_unclosed_parenthesis_raises_syntax_error PASSED [ 52%]
tests/test_dsl_parser_property.py::TestDSLParserEdgeCases::test_strength_out_of_range_high PASSED [ 53%]
tests/test_dsl_parser_property.py::TestDSLParserEdgeCases::test_strength_out_of_range_low PASSED [ 53%]
tests/test_dsl_parser_property.py::TestDSLParserEdgeCases::test_non_numeric_strength PASSED [ 53%]
tests/test_dsl_parser_property.py::TestDSLParserEdgeCases::test_dsl_syntax_error_inherits_value_error_and_nightmarenet_error PASSED [ 53%]
tests/test_dsl_parser_property.py::TestDSLParserEdgeCases::test_test_suite_execution_speed PASSED [ 53%]
tests/test_edge_cases.py::TestValidation::test_strength_none PASSED      [ 53%]
tests/test_edge_cases.py::TestValidation::test_strength_string PASSED    [ 53%]
tests/test_edge_cases.py::TestValidation::test_strength_bool PASSED      [ 53%]
tests/test_edge_cases.py::TestValidation::test_strength_below_range PASSED [ 53%]
tests/test_edge_cases.py::TestValidation::test_strength_above_range PASSED [ 53%]
tests/test_edge_cases.py::TestValidation::test_strength_lower_boundary PASSED [ 54%]
tests/test_edge_cases.py::TestValidation::test_strength_upper_boundary PASSED [ 54%]
tests/test_edge_cases.py::TestValidation::test_positive_int_float_rejected PASSED [ 54%]
tests/test_edge_cases.py::TestValidation::test_positive_int_negative PASSED [ 54%]
tests/test_edge_cases.py::TestValidation::test_positive_int_zero_disallowed PASSED [ 54%]
tests/test_edge_cases.py::TestValidation::test_positive_int_zero_allowed PASSED [ 54%]
tests/test_edge_cases.py::TestValidation::test_positive_int_bool_rejected PASSED [ 54%]
tests/test_edge_cases.py::TestValidation::test_positive_float_string_rejected PASSED [ 54%]
tests/test_edge_cases.py::TestValidation::test_positive_float_negative PASSED [ 54%]
tests/test_edge_cases.py::TestValidation::test_positive_float_zero_disallowed PASSED [ 54%]
tests/test_edge_cases.py::TestValidation::test_positive_float_zero_allowed PASSED [ 54%]
tests/test_edge_cases.py::TestValidation::test_positive_float_bool_rejected PASSED [ 55%]
tests/test_edge_cases.py::TestValidation::test_ratio_below_range PASSED  [ 55%]
tests/test_edge_cases.py::TestValidation::test_ratio_upper_exclusive PASSED [ 55%]
tests/test_edge_cases.py::TestValidation::test_ratio_lower_boundary PASSED [ 55%]
tests/test_edge_cases.py::TestValidation::test_ratio_just_below_one PASSED [ 55%]
tests/test_edge_cases.py::TestValidation::test_text_none PASSED          [ 55%]
tests/test_edge_cases.py::TestValidation::test_text_int PASSED           [ 55%]
tests/test_edge_cases.py::TestValidation::test_text_empty_allowed PASSED [ 55%]
tests/test_edge_cases.py::TestValidation::test_text_empty_disallowed PASSED [ 55%]
tests/test_edge_cases.py::TestValidation::test_text_whitespace_only_disallowed PASSED [ 55%]
tests/test_edge_cases.py::TestValidation::test_dataset_columns_missing PASSED [ 56%]
tests/test_edge_cases.py::TestValidation::test_dataset_columns_no_attr PASSED [ 56%]
tests/test_edge_cases.py::TestValidation::test_non_empty_dataset_empty PASSED [ 56%]
tests/test_edge_cases.py::TestValidation::test_config_keys_missing PASSED [ 56%]
tests/test_edge_cases.py::TestValidation::test_config_keys_non_dict PASSED [ 56%]
tests/test_edge_cases.py::TestValidation::test_dataloader_none PASSED    [ 56%]
tests/test_edge_cases.py::TestConfig::test_load_config_nonexistent_file PASSED [ 56%]
tests/test_edge_cases.py::TestConfig::test_validate_config_invalid_type PASSED [ 56%]
tests/test_edge_cases.py::TestConfig::test_validate_config_out_of_range PASSED [ 56%]
tests/test_edge_cases.py::TestConfig::test_deep_merge_nested_overrides PASSED [ 56%]
tests/test_edge_cases.py::TestConfig::test_deep_merge_does_not_mutate_base PASSED [ 57%]
tests/test_edge_cases.py::TestConfig::test_validate_config_default_is_valid PASSED [ 57%]
tests/test_edge_cases.py::TestDistortionEdgeCases::test_text_distortion_zero_strength PASSED [ 57%]
tests/test_edge_cases.py::TestDistortionEdgeCases::test_semantic_distortion_zero_strength PASSED [ 57%]
tests/test_edge_cases.py::TestDistortionEdgeCases::test_adversarial_distortion_zero_strength PASSED [ 57%]
tests/test_edge_cases.py::TestDistortionEdgeCases::test_text_distortion_whitespace_only PASSED [ 57%]
tests/test_edge_cases.py::TestDistortionEdgeCases::test_semantic_distortion_single_word PASSED [ 57%]
tests/test_edge_cases.py::TestDistortionEdgeCases::test_adversarial_distortion_single_sentence PASSED [ 57%]
tests/test_edge_cases.py::TestDistortionEdgeCases::test_text_distortion_unicode PASSED [ 57%]
tests/test_edge_cases.py::TestDistortionEdgeCases::test_semantic_distortion_unicode PASSED [ 57%]
tests/test_edge_cases.py::TestDistortionEdgeCases::test_adversarial_distortion_unicode PASSED [ 58%]
tests/test_edge_cases.py::TestDistortionEdgeCases::test_text_distortion_long_text PASSED [ 58%]
tests/test_edge_cases.py::TestDistortionEdgeCases::test_semantic_distortion_long_text PASSED [ 58%]
tests/test_edge_cases.py::TestDistortionEdgeCases::test_adversarial_distortion_long_text PASSED [ 58%]
tests/test_edge_cases.py::TestDistortionEdgeCases::test_text_distortion_invalid_strength PASSED [ 58%]
tests/test_edge_cases.py::TestDistortionEdgeCases::test_semantic_distortion_invalid_strength PASSED [ 58%]
tests/test_edge_cases.py::TestDistortionEdgeCases::test_adversarial_distortion_invalid_strength PASSED [ 58%]
tests/test_edge_cases.py::TestDistortionEdgeCases::test_text_distortion_empty_string PASSED [ 58%]
tests/test_edge_cases.py::TestDistortionEdgeCases::test_semantic_distortion_empty_string PASSED [ 58%]
tests/test_edge_cases.py::TestDistortionEdgeCases::test_adversarial_distortion_empty_string PASSED [ 58%]
tests/test_edge_cases.py::TestGeneratorEdgeCases::test_dream_generator_strength_zero PASSED [ 59%]
tests/test_edge_cases.py::TestGeneratorEdgeCases::test_nightmare_generator_strength_one PASSED [ 59%]
tests/test_edge_cases.py::TestGeneratorEdgeCases::test_generator_missing_text_column PASSED [ 59%]
tests/test_edge_cases.py::TestGeneratorEdgeCases::test_generator_single_sample_dataset PASSED [ 59%]
tests/test_edge_cases.py::TestGeneratorEdgeCases::test_nightmare_generator_single_sample PASSED [ 59%]
tests/test_edge_cases.py::TestGeneratorEdgeCases::test_create_generators_from_config_returns_both PASSED [ 59%]
tests/test_edge_cases.py::TestSchedulerEdgeCases::test_cyclic_scheduler_min_cycles PASSED [ 59%]
tests/test_edge_cases.py::TestSchedulerEdgeCases::test_cyclic_scheduler_all_zero_except_wake PASSED [ 59%]
tests/test_edge_cases.py::TestSchedulerEdgeCases::test_adaptive_scheduler_no_updates PASSED [ 59%]
tests/test_edge_cases.py::TestSchedulerEdgeCases::test_adaptive_scheduler_single_update PASSED [ 59%]
tests/test_edge_cases.py::TestSchedulerEdgeCases::test_cyclic_scheduler_zero_num_cycles_rejected PASSED [ 59%]
tests/test_edge_cases.py::TestLogging::test_setup_logging_idempotent PASSED [ 60%]
tests/test_edge_cases.py::TestLogging::test_reset_logging PASSED         [ 60%]
tests/test_edge_cases.py::TestIntegration::test_full_pipeline PASSED     [ 60%]
tests/test_edge_cases_extended.py::TestEmptyStringDistortions::test_text_distortion_empty_returns_empty PASSED [ 60%]
tests/test_edge_cases_extended.py::TestEmptyStringDistortions::test_semantic_distortion_empty_returns_empty PASSED [ 60%]
tests/test_edge_cases_extended.py::TestEmptyStringDistortions::test_adversarial_distortion_empty_returns_empty PASSED [ 60%]
tests/test_edge_cases_extended.py::TestEmptyStringDistortions::test_text_distortion_empty_high_strength PASSED [ 60%]
tests/test_edge_cases_extended.py::TestEmptyStringDistortions::test_semantic_distortion_empty_high_strength PASSED [ 60%]
tests/test_edge_cases_extended.py::TestEmptyStringDistortions::test_adversarial_distortion_empty_high_strength PASSED [ 60%]
tests/test_edge_cases_extended.py::TestUnicodeThroughPipeline::test_text_distortion_cjk PASSED [ 60%]
tests/test_edge_cases_extended.py::TestUnicodeThroughPipeline::test_semantic_distortion_cjk PASSED [ 61%]
tests/test_edge_cases_extended.py::TestUnicodeThroughPipeline::test_adversarial_distortion_cjk PASSED [ 61%]
tests/test_edge_cases_extended.py::TestUnicodeThroughPipeline::test_text_distortion_emoji PASSED [ 61%]
tests/test_edge_cases_extended.py::TestUnicodeThroughPipeline::test_semantic_distortion_emoji PASSED [ 61%]
tests/test_edge_cases_extended.py::TestUnicodeThroughPipeline::test_adversarial_distortion_emoji PASSED [ 61%]
tests/test_edge_cases_extended.py::TestUnicodeThroughPipeline::test_text_distortion_mixed_unicode PASSED [ 61%]
tests/test_edge_cases_extended.py::TestUnicodeThroughPipeline::test_semantic_distortion_mixed_unicode PASSED [ 61%]
tests/test_edge_cases_extended.py::TestUnicodeThroughPipeline::test_adversarial_distortion_mixed_unicode PASSED [ 61%]
tests/test_edge_cases_extended.py::TestVeryLongInput::test_long_text_char_count PASSED [ 61%]
tests/test_edge_cases_extended.py::TestVeryLongInput::test_text_distortion_long_input PASSED [ 61%]
tests/test_edge_cases_extended.py::TestVeryLongInput::test_semantic_distortion_long_input PASSED [ 62%]
tests/test_edge_cases_extended.py::TestVeryLongInput::test_adversarial_distortion_long_input PASSED [ 62%]
tests/test_edge_cases_extended.py::TestAPISchemaValidation::test_dream_missing_text_field PASSED [ 62%]
tests/test_edge_cases_extended.py::TestAPISchemaValidation::test_dream_null_text PASSED [ 62%]
tests/test_edge_cases_extended.py::TestAPISchemaValidation::test_dream_missing_strength PASSED [ 62%]
tests/test_edge_cases_extended.py::TestAPISchemaValidation::test_nightmare_missing_text_field PASSED [ 62%]
tests/test_edge_cases_extended.py::TestAPISchemaValidation::test_nightmare_null_text PASSED [ 62%]
tests/test_edge_cases_extended.py::TestAPISchemaValidation::test_robustness_missing_text PASSED [ 62%]
tests/test_edge_cases_extended.py::TestAPISchemaValidation::test_robustness_null_strengths PASSED [ 62%]
tests/test_edge_cases_extended.py::TestAPISchemaValidation::test_robustness_empty_strengths_list PASSED [ 62%]
tests/test_edge_cases_extended.py::TestAPISchemaValidation::test_dream_invalid_json_body PASSED [ 63%]
tests/test_edge_cases_extended.py::TestAPISchemaValidation::test_dream_strength_out_of_range PASSED [ 63%]
tests/test_edge_cases_extended.py::TestAPISchemaValidation::test_nightmare_strength_negative PASSED [ 63%]
tests/test_edge_cases_extended.py::TestAPISchemaValidation::test_dream_empty_body PASSED [ 63%]
tests/test_ensemble_benchmark.py::test_pareto_frontier_correctness PASSED [ 63%]
tests/test_ensemble_benchmark.py::test_degradation_curve_aggregation PASSED [ 63%]
tests/test_ensemble_benchmark.py::test_latex_table_generation PASSED     [ 63%]
tests/test_ensemble_benchmark.py::test_ensemble_orchestrator_logic PASSED [ 63%]
tests/test_ensemble_benchmark.py::test_ensemble_orchestrator_timeout PASSED [ 63%]
tests/test_ensemble_benchmark.py::test_cache_key_uniqueness PASSED       [ 63%]
tests/test_ensemble_benchmark.py::test_cache_hit_scenario PASSED         [ 63%]
tests/test_ensemble_benchmark.py::test_cache_miss_scenario PASSED        [ 64%]
tests/test_ensemble_benchmark.py::test_cache_corrupt_scenario PASSED     [ 64%]
tests/test_evaluator.py::test_bootstrap_ci_identical PASSED              [ 64%]
tests/test_evaluator.py::test_bootstrap_ci_different PASSED              [ 64%]
tests/test_evaluator.py::test_bootstrap_ci_insufficient_data PASSED      [ 64%]
tests/test_evaluator.py::test_bootstrap_ci_custom_alpha PASSED           [ 64%]
tests/test_evaluator.py::TestCertificationIntegration::test_certification_not_run_when_not_enabled PASSED [ 64%]
tests/test_evaluator.py::TestCertificationIntegration::test_certification_skipped_without_base_dataset PASSED [ 64%]
tests/test_evaluator.py::TestCertificationIntegration::test_certification_produces_expected_output_keys PASSED [ 64%]
tests/test_evaluator.py::TestCertificationIntegration::test_certification_config_read_from_namespace PASSED [ 64%]
tests/test_evaluator.py::TestCertificationIntegration::test_certification_budget_reduces_n_and_flags_exceeded PASSED [ 65%]
tests/test_evaluator.py::TestCertificationIntegration::test_certification_within_budget_not_flagged PASSED [ 65%]
tests/test_evaluator.py::TestCertificationIntegration::test_compare_includes_certification_results PASSED [ 65%]
tests/test_evaluator.py::TestCertificationIntegration::test_generate_report_includes_certification_section PASSED [ 65%]
tests/test_evaluator.py::TestEvaluatorCalibration::test_run_calibration_respects_temperature_scaling_false PASSED [ 65%]
tests/test_export.py::test_export_to_onnx SKIPPED (ONNX optional dep...) [ 65%]
tests/test_export.py::test_export_to_onnx_hf SKIPPED (ONNX optional ...) [ 65%]
tests/test_export.py::test_export_to_torchscript PASSED                  [ 65%]
tests/test_export.py::test_export_to_torchscript_hf PASSED               [ 65%]
tests/test_export.py::test_cli_export_onnx PASSED                        [ 65%]
tests/test_failure_categories.py::test_empty_input PASSED                [ 66%]
tests/test_failure_categories.py::test_grouping_and_counts PASSED        [ 66%]
tests/test_failure_categories.py::test_average_confidence_delta PASSED   [ 66%]
tests/test_failure_categories.py::test_failure_rate PASSED               [ 66%]
tests/test_failure_categories.py::test_deterministic_sorting PASSED      [ 66%]
tests/test_failure_categories.py::test_text_distortions PASSED           [ 66%]
tests/test_failure_categories.py::test_vision_distortions PASSED         [ 66%]
tests/test_failure_categories.py::test_json_serialization PASSED         [ 66%]
tests/test_failure_categories.py::test_markdown_rendering PASSED         [ 66%]
tests/test_failure_export.py::test_export_disabled PASSED                [ 66%]
tests/test_failure_export.py::test_json_export PASSED                    [ 67%]
tests/test_failure_export.py::test_csv_export PASSED                     [ 67%]
tests/test_failure_export.py::test_threshold_filtering PASSED            [ 67%]
tests/test_failure_export.py::test_prediction_change_detection PASSED    [ 67%]
tests/test_failure_export.py::test_expected_keys PASSED                  [ 67%]
tests/test_failure_export.py::test_empty_failures PASSED                 [ 67%]
tests/test_failure_export.py::test_output_file_created PASSED            [ 67%]
tests/test_format_results.py::TestCertificationToJsonDict::test_includes_aggregates_and_per_sample_array PASSED [ 67%]
tests/test_format_results.py::TestCertificationToJsonDict::test_is_json_serializable PASSED [ 67%]
tests/test_format_results.py::TestCertificationToJsonDict::test_empty_results_list PASSED [ 67%]
tests/test_format_results.py::TestToCsvCertification::test_writes_one_row_per_sample_with_required_columns PASSED [ 68%]
tests/test_format_results.py::TestToCsvCertification::test_priority_columns_come_first PASSED [ 68%]
tests/test_format_results.py::TestToCsvCertification::test_no_file_written_when_no_results PASSED [ 68%]
tests/test_format_results.py::TestToLatexTableCertification::test_certification_block_appended_when_provided PASSED [ 68%]
tests/test_format_results.py::TestToLatexTableCertification::test_backward_compatible_without_certification PASSED [ 68%]
tests/test_format_results.py::TestToLatexTableCertification::test_certification_only_no_models_summary PASSED [ 68%]
tests/test_format_results.py::TestToLatexTableCertification::test_nothing_written_when_both_empty PASSED [ 68%]
tests/test_format_results.py::TestToLatexTableCertification::test_none_certified_accuracy_renders_as_na PASSED [ 68%]
tests/test_format_results.py::TestFormatAllCertification::test_json_export_includes_certification_key PASSED [ 68%]
tests/test_format_results.py::TestFormatAllCertification::test_csv_export_writes_certification_file PASSED [ 68%]
tests/test_format_results.py::TestFormatAllCertification::test_latex_export_includes_certification_block PASSED [ 68%]
tests/test_format_results.py::TestFormatAllCertification::test_ensemble_only_unaffected_when_certification_omitted PASSED [ 69%]
tests/test_generator.py::TestDreamDatasetGenerator::test_generate_produces_dataset PASSED [ 69%]
tests/test_generator.py::TestDreamDatasetGenerator::test_generate_modifies_text PASSED [ 69%]
tests/test_generator.py::TestDreamDatasetGenerator::test_generate_preserves_schema PASSED [ 69%]
tests/test_generator.py::TestDreamDatasetGenerator::test_generate_with_config PASSED [ 69%]
tests/test_generator.py::TestDreamDatasetGenerator::test_generate_with_custom_text_column PASSED [ 69%]
tests/test_generator.py::TestDreamDatasetGenerator::test_generate_handles_empty_text PASSED [ 69%]
tests/test_generator.py::TestDreamDatasetGenerator::test_generate_and_save PASSED [ 69%]
tests/test_generator.py::TestNightmareDatasetGenerator::test_generate_produces_dataset PASSED [ 69%]
tests/test_generator.py::TestNightmareDatasetGenerator::test_generate_applies_stronger_distortions PASSED [ 69%]
tests/test_generator.py::TestNightmareDatasetGenerator::test_generate_preserves_schema PASSED [ 70%]
tests/test_generator.py::TestNightmareDatasetGenerator::test_generate_handles_empty_text PASSED [ 70%]
tests/test_generator.py::TestNightmareDatasetGenerator::test_generate_and_save PASSED [ 70%]
tests/test_generator.py::TestNightmareDatasetGenerator::test_uniform_schedule_backward_compatible PASSED [ 70%]
tests/test_generator.py::TestNightmareDatasetGenerator::test_linear_schedule_produces_varying_strengths PASSED [ 70%]
tests/test_generator.py::TestNightmareDatasetGenerator::test_cosine_schedule_produces_varying_strengths PASSED [ 70%]
tests/test_generator.py::TestNightmareDatasetGenerator::test_step_schedule_produces_varying_strengths PASSED [ 70%]
tests/test_generator.py::TestNightmareDatasetGenerator::test_invalid_schedule_raises_error PASSED [ 70%]
tests/test_generator.py::TestNightmareDatasetGenerator::test_schedule_determinism PASSED [ 70%]
tests/test_generator.py::TestNightmareDatasetGenerator::test_linear_schedule_lower_start_higher_end PASSED [ 70%]
tests/test_generator.py::TestCreateGeneratorsFromConfig::test_creates_both_generators PASSED [ 71%]
tests/test_generator.py::TestCreateGeneratorsFromConfig::test_default_config PASSED [ 71%]
tests/test_generator.py::TestCreateGeneratorsFromConfig::test_config_with_strength_schedule PASSED [ 71%]
tests/test_glue.py::TestGlueTasks::test_all_tasks_have_required_keys PASSED [ 71%]
tests/test_glue.py::TestGlueTasks::test_known_tasks_exist PASSED         [ 71%]
tests/test_glue.py::TestGlueTasks::test_input_columns_are_lists PASSED   [ 71%]
tests/test_glue.py::TestTokenizeGlueTask::test_single_sentence_task PASSED [ 71%]
tests/test_glue.py::TestTokenizeGlueTask::test_sentence_pair_task PASSED [ 71%]
tests/test_glue.py::TestEvaluateGlueTask::test_unknown_task_returns_error PASSED [ 71%]
tests/test_glue.py::TestEvaluateGlueTask::test_evaluate_sst2_mock PASSED [ 71%]
tests/test_glue.py::TestEvaluateGlue::test_evaluates_all_tasks PASSED    [ 72%]
tests/test_glue.py::TestEvaluateGlue::test_handles_failed_tasks PASSED   [ 72%]
tests/test_glue.py::TestEvaluateGlue::test_default_tasks PASSED          [ 72%]
tests/test_healthcheck_worker.py::test_old_tautological_check_would_have_passed_with_broken_broker PASSED [ 72%]
tests/test_healthcheck_worker.py::test_broker_reachable_when_socket_connects PASSED [ 72%]
tests/test_healthcheck_worker.py::test_broker_unreachable_on_connection_refused PASSED [ 72%]
tests/test_healthcheck_worker.py::test_broker_unreachable_on_timeout PASSED [ 72%]
tests/test_healthcheck_worker.py::test_broker_url_parses_custom_host_port PASSED [ 72%]
tests/test_healthcheck_worker.py::test_celery_probe_ok_when_app_missing PASSED [ 72%]
tests/test_healthcheck_worker.py::test_celery_probe_ok_when_worker_responds PASSED [ 72%]
tests/test_healthcheck_worker.py::test_celery_probe_unhealthy_when_no_replies PASSED [ 72%]
tests/test_healthcheck_worker.py::test_celery_probe_unhealthy_when_ping_raises PASSED [ 73%]
tests/test_healthcheck_worker.py::test_redact_hides_password_in_broker_url PASSED [ 73%]
tests/test_healthcheck_worker.py::test_redact_passes_through_when_no_password PASSED [ 73%]
tests/test_healthcheck_worker.py::test_main_returns_zero_when_broker_ok_and_fallback_mode PASSED [ 73%]
tests/test_healthcheck_worker.py::test_main_returns_one_when_broker_unreachable PASSED [ 73%]
tests/test_healthcheck_worker.py::test_main_returns_one_when_celery_worker_silent PASSED [ 73%]
tests/test_hpo.py::TestHyperparameterOptimizer::test_import_error_without_optuna PASSED [ 73%]
tests/test_hpo.py::TestHyperparameterOptimizer::test_optimizer_loads_config SKIPPED [ 73%]
tests/test_hpo.py::TestHyperparameterOptimizer::test_optimize_runs_trials SKIPPED [ 73%]
tests/test_hub.py::test_generate_model_card_formatting PASSED            [ 73%]
tests/test_hub.py::test_push_model_execution PASSED                      [ 74%]
tests/test_hub.py::test_pull_model_execution PASSED                      [ 74%]
tests/test_hub.py::test_generate_model_card_null_hub_config PASSED       [ 74%]
tests/test_hub.py::test_generate_model_card_path_traversal PASSED        [ 74%]
tests/test_ingest.py::TestTxtIngestion::test_load_txt_paragraphs PASSED  [ 74%]
tests/test_ingest.py::TestTxtIngestion::test_load_txt_fallback_to_lines PASSED [ 74%]
tests/test_ingest.py::TestCsvIngestion::test_load_csv PASSED             [ 74%]
tests/test_ingest.py::TestCsvIngestion::test_csv_missing_column_raises PASSED [ 74%]
tests/test_ingest.py::TestJsonlIngestion::test_load_jsonl PASSED         [ 74%]
tests/test_ingest.py::TestJsonlIngestion::test_jsonl_skips_malformed PASSED [ 74%]
tests/test_ingest.py::TestTextContent::test_from_text_content PASSED     [ 75%]
tests/test_ingest.py::TestTextContent::test_empty_content_raises PASSED  [ 75%]
tests/test_ingest.py::TestEdgeCases::test_unsupported_extension_raises PASSED [ 75%]
tests/test_ingest.py::TestEdgeCases::test_file_not_found_raises PASSED   [ 75%]
tests/test_ingest.py::TestEdgeCases::test_max_samples_caps_output PASSED [ 75%]
tests/test_ingest.py::TestEdgeCases::test_minimum_samples_threshold_raises PASSED [ 75%]
tests/test_ingest.py::TestEdgeCases::test_minimum_samples_threshold_exact PASSED [ 75%]
tests/test_ingest.py::TestUrlIngestion::test_from_urls PASSED            [ 75%]
tests/test_ingest.py::TestUrlIngestion::test_from_urls_below_threshold_raises PASSED [ 75%]
tests/test_ingest.py::TestHuggingFaceIngestion::test_from_huggingface PASSED [ 75%]
tests/test_ingest.py::TestHuggingFaceIngestion::test_from_huggingface_below_threshold_raises PASSED [ 76%]
tests/test_ingest.py::TestHuggingFaceIngestion::test_from_huggingface_filters_empty_texts PASSED [ 76%]
tests/test_ingest.py::TestHuggingFaceIngestion::test_from_huggingface_streaming_bypasses_finalise PASSED [ 76%]
tests/test_integration.py::TestDataPipelineIntegration::test_dream_generated_data_trains FAILED [ 76%]
tests/test_integration.py::TestDataPipelineIntegration::test_nightmare_generated_data_trains PASSED [ 76%]
